<?xml version="1.0" encoding="UTF-8"?>
<!-- Generated by org.testng.reporters.JUnitReportReporter -->
<testsuite hostname="Asus" failures="0" tests="1" name="org.example.AppTest" time="24.566" errors="0" timestamp="2023-04-21T10:18:14 IST" skipped="0">
  <testcase classname="org.example.AppTest" name="Webdriverdropdownlogin" time="24.566"/>
  <system-out/>
</testsuite> <!-- org.example.AppTest -->
